<?xml version="1.0" encoding="UTF-8"?>
<!-- Generated by org.testng.reporters.JUnitReportReporter -->
<testsuite hostname="subi" failures="0" tests="2" name="UI_WEB.BATestandBAMethod" time="0.008" errors="0" timestamp="2023-03-18T18:43:51 IST" skipped="0">
  <testcase classname="UI_WEB.BATestandBAMethod" name="test1" time="0.005"/>
  <system-out/>
  <testcase classname="UI_WEB.BATestandBAMethod" name="test2" time="0.003"/>
  <system-out/>
</testsuite> <!-- UI_WEB.BATestandBAMethod -->
