<?xml version="1.0" encoding="UTF-8"?>
<!-- Generated by org.testng.reporters.JUnitReportReporter -->
<testsuite hostname="subi" failures="0" tests="1" name="UI_WEB.VerifyTitleTest" time="2.799" errors="0" timestamp="2023-03-18T18:43:51 IST" skipped="0">
  <testcase classname="UI_WEB.VerifyTitleTest" name="Titletest" time="2.799"/>
  <system-out/>
</testsuite> <!-- UI_WEB.VerifyTitleTest -->
