<?xml version="1.0" encoding="UTF-8"?>
<!-- Generated by org.testng.reporters.JUnitReportReporter -->
<testsuite hostname="subi" failures="0" tests="4" name="UI_WEB.DataProviderDemotest2" time="12.631" errors="0" timestamp="2023-03-20T18:05:01 IST" skipped="0">
  <testcase classname="UI_WEB.DataProviderDemotest2" name="test" time="1.523"/>
  <system-out/>
  <testcase classname="UI_WEB.DataProviderDemotest2" name="test" time="1.619"/>
  <system-out/>
  <testcase classname="UI_WEB.DataProviderDemotest2" name="test" time="2.508"/>
  <system-out/>
  <testcase classname="UI_WEB.DataProviderDemotest2" name="test" time="6.981"/>
  <system-out/>
</testsuite> <!-- UI_WEB.DataProviderDemotest2 -->
