<?xml version="1.0" encoding="UTF-8"?>
<!-- Generated by org.testng.reporters.JUnitReportReporter -->
<testsuite hostname="subi" failures="0" tests="3" name="UI_WEB.BA_ClassandBA_Group" time="0.004" errors="0" timestamp="2023-03-19T19:00:31 IST" skipped="0">
  <testcase classname="UI_WEB.BA_ClassandBA_Group" name="atest1" time="0.003"/>
  <system-out/>
  <testcase classname="UI_WEB.BA_ClassandBA_Group" name="atest2" time="0.001"/>
  <system-out/>
  <testcase classname="UI_WEB.BA_ClassandBA_Group" name="atest3" time="0.000"/>
  <system-out/>
</testsuite> <!-- UI_WEB.BA_ClassandBA_Group -->
