<?xml version="1.0" encoding="UTF-8"?>
<!-- Generated by org.testng.reporters.JUnitReportReporter -->
<testsuite hostname="subi" failures="0" tests="4" name="UI_WEB.ReportGeneration" time="0.016" errors="0" timestamp="2023-03-24T19:00:20 IST" skipped="0">
  <testcase classname="UI_WEB.ReportGeneration" name="reporterTest2" time="0.001"/>
  <system-out>
    <![CDATA[This is TEST2]]>
  </system-out>
  <testcase classname="UI_WEB.ReportGeneration" name="reporterTest3" time="0.000"/>
  <system-out/>
  <testcase classname="UI_WEB.ReportGeneration" name="reporterTest1" time="0.013"/>
  <system-out/>
  <testcase classname="UI_WEB.ReportGeneration" name="reporterTest4" time="0.002"/>
  <system-out/>
</testsuite> <!-- UI_WEB.ReportGeneration -->
