<?xml version="1.0" encoding="UTF-8"?>
<!-- Generated by org.testng.reporters.JUnitReportReporter -->
<testsuite hostname="subi" failures="0" tests="3" name="UI_WEB.Skiptestcasetut8" time="0.007" errors="0" timestamp="2023-03-19T11:46:49 IST" skipped="3">
  <testcase classname="UI_WEB.Skiptestcasetut8" name="test3" time="0.001">
    <skipped/>
  </testcase> <!-- test3 -->
  <system-out/>
  <testcase classname="UI_WEB.Skiptestcasetut8" name="test2" time="0.006">
    <skipped/>
  </testcase> <!-- test2 -->
  <system-out/>
  <testcase classname="UI_WEB.Skiptestcasetut8" name="test1">
    <skipped/>
  </testcase> <!-- test1 -->
  <system-out/>
</testsuite> <!-- UI_WEB.Skiptestcasetut8 -->
