<?xml version="1.0" encoding="UTF-8"?>
<!-- Generated by org.testng.reporters.JUnitReportReporter -->
<testsuite hostname="subi" failures="0" tests="2" name="UI_WEB.LoginTest1" time="0.008" errors="0" timestamp="2023-03-22T18:06:19 IST" skipped="0">
  <testcase classname="UI_WEB.LoginTest1" name="Logouttest" time="0.007"/>
  <system-out/>
  <testcase classname="UI_WEB.LoginTest1" name="Logintest" time="0.001"/>
  <system-out/>
</testsuite> <!-- UI_WEB.LoginTest1 -->
