<?xml version="1.0" encoding="UTF-8"?>
<!-- Generated by org.testng.reporters.JUnitReportReporter -->
<testsuite hostname="subi" failures="0" tests="2" name="UI_WEB.BTestandATest" time="0.006" errors="0" timestamp="2023-03-17T20:50:40 IST" skipped="0">
  <testcase classname="UI_WEB.BTestandATest" name="test1" time="0.006"/>
  <system-out/>
  <testcase classname="UI_WEB.BTestandATest" name="test2" time="0.000"/>
  <system-out/>
</testsuite> <!-- UI_WEB.BTestandATest -->
